2025-10-31 14:17:09.472 INFO  [background-preinit] o.h.validator.internal.util.Version - HV000001: Hibernate Validator 8.0.3.Final
2025-10-31 14:17:09.682 INFO  [restartedMain] c.s.s.SmartServiceHubApplication - Starting SmartServiceHubApplication using Java 17.0.3.1 with PID 9084 (D:\SCII\Learnings\SpringBoot\smartServiceHub\target\classes started by scii220011 in D:\SCII\Learnings\SpringBoot\smartServiceHub)
2025-10-31 14:17:09.682 DEBUG [restartedMain] c.s.s.SmartServiceHubApplication - Running with Spring Boot v3.5.6, Spring v6.2.11
2025-10-31 14:17:09.682 INFO  [restartedMain] c.s.s.SmartServiceHubApplication - No active profile set, falling back to 1 default profile: "default"
2025-10-31 14:17:09.815 INFO  [restartedMain] o.s.b.d.e.DevToolsPropertyDefaultsPostProcessor - Devtools property defaults active! Set 'spring.devtools.add-properties' to 'false' to disable
2025-10-31 14:17:09.815 INFO  [restartedMain] o.s.b.d.e.DevToolsPropertyDefaultsPostProcessor - For additional web related logging consider setting the 'logging.level.web' property to 'DEBUG'
2025-10-31 14:17:12.828 INFO  [restartedMain] o.s.d.r.c.RepositoryConfigurationDelegate - Bootstrapping Spring Data JPA repositories in DEFAULT mode.
2025-10-31 14:17:12.993 INFO  [restartedMain] o.s.d.r.c.RepositoryConfigurationDelegate - Finished Spring Data repository scanning in 141 ms. Found 3 JPA repository interfaces.
2025-10-31 14:17:14.631 INFO  [restartedMain] o.s.b.w.e.tomcat.TomcatWebServer - Tomcat initialized with port 8081 (http)
2025-10-31 14:17:14.652 INFO  [restartedMain] o.a.coyote.http11.Http11NioProtocol - Initializing ProtocolHandler ["http-nio-8081"]
2025-10-31 14:17:14.659 INFO  [restartedMain] o.a.catalina.core.StandardService - Starting service [Tomcat]
2025-10-31 14:17:14.659 INFO  [restartedMain] o.a.catalina.core.StandardEngine - Starting Servlet engine: [Apache Tomcat/10.1.46]
2025-10-31 14:17:14.824 INFO  [restartedMain] o.a.c.c.C.[Tomcat].[localhost].[/] - Initializing Spring embedded WebApplicationContext
2025-10-31 14:17:14.824 INFO  [restartedMain] o.s.b.w.s.c.ServletWebServerApplicationContext - Root WebApplicationContext: initialization completed in 4997 ms
2025-10-31 14:17:15.398 INFO  [restartedMain] o.h.jpa.internal.util.LogHelper - HHH000204: Processing PersistenceUnitInfo [name: default]
2025-10-31 14:17:15.540 INFO  [restartedMain] org.hibernate.Version - HHH000412: Hibernate ORM core version 6.6.29.Final
2025-10-31 14:17:15.605 INFO  [restartedMain] o.h.c.i.RegionFactoryInitiator - HHH000026: Second-level cache disabled
2025-10-31 14:17:16.158 INFO  [restartedMain] o.s.o.j.p.SpringPersistenceUnitInfo - No LoadTimeWeaver setup: ignoring JPA class transformer
2025-10-31 14:17:16.221 INFO  [restartedMain] com.zaxxer.hikari.HikariDataSource - HikariPool-1 - Starting...
2025-10-31 14:17:16.648 INFO  [restartedMain] com.zaxxer.hikari.pool.HikariPool - HikariPool-1 - Added connection org.postgresql.jdbc.PgConnection@4da64ac0
2025-10-31 14:17:16.648 INFO  [restartedMain] com.zaxxer.hikari.HikariDataSource - HikariPool-1 - Start completed.
2025-10-31 14:17:16.748 WARN  [restartedMain] org.hibernate.orm.deprecation - HHH90000025: PostgreSQLDialect does not need to be specified explicitly using 'hibernate.dialect' (remove the property setting and it will be selected by default)
2025-10-31 14:17:16.794 INFO  [restartedMain] o.hibernate.orm.connections.pooling - HHH10001005: Database info:
	Database JDBC URL [Connecting through datasource 'HikariDataSource (HikariPool-1)']
	Database driver: undefined/unknown
	Database version: 15.6
	Autocommit mode: undefined/unknown
	Isolation level: undefined/unknown
	Minimum pool size: undefined/unknown
	Maximum pool size: undefined/unknown
2025-10-31 14:17:18.462 INFO  [restartedMain] o.h.e.t.j.p.i.JtaPlatformInitiator - HHH000489: No JTA platform available (set 'hibernate.transaction.jta.platform' to enable JTA platform integration)
2025-10-31 14:17:19.541 INFO  [restartedMain] o.s.o.j.LocalContainerEntityManagerFactoryBean - Initialized JPA EntityManagerFactory for persistence unit 'default'
2025-10-31 14:17:20.297 DEBUG [restartedMain] c.s.s.s.JwtAuthenticationFilter - Filter 'authenticationFilter' configured for use
2025-10-31 14:17:20.585 INFO  [restartedMain] o.s.s.c.a.a.c.InitializeAuthenticationProviderBeanManagerConfigurer$InitializeAuthenticationProviderManagerConfigurer - Global AuthenticationManager configured with AuthenticationProvider bean with name authenticationProvider
2025-10-31 14:17:20.589 WARN  [restartedMain] o.s.s.c.a.a.c.InitializeUserDetailsBeanManagerConfigurer$InitializeUserDetailsManagerConfigurer - Global AuthenticationManager configured with an AuthenticationProvider bean. UserDetailsService beans will not be used by Spring Security for automatically configuring username/password login. Consider removing the AuthenticationProvider bean. Alternatively, consider using the UserDetailsService in a manually instantiated DaoAuthenticationProvider. If the current configuration is intentional, to turn off this warning, increase the logging level of 'org.springframework.security.config.annotation.authentication.configuration.InitializeUserDetailsBeanManagerConfigurer' to ERROR
2025-10-31 14:17:20.819 INFO  [restartedMain] o.s.d.j.r.query.QueryEnhancerFactory - Hibernate is in classpath; If applicable, HQL parser will be used.
2025-10-31 14:17:22.427 WARN  [restartedMain] o.s.b.a.o.j.JpaBaseConfiguration$JpaWebConfiguration - spring.jpa.open-in-view is enabled by default. Therefore, database queries may be performed during view rendering. Explicitly configure spring.jpa.open-in-view to disable this warning
2025-10-31 14:17:23.594 INFO  [restartedMain] o.s.b.a.e.web.EndpointLinksResolver - Exposing 6 endpoints beneath base path '/actuator'
2025-10-31 14:17:25.245 INFO  [restartedMain] o.s.b.d.a.OptionalLiveReloadServer - LiveReload server is running on port 35729
2025-10-31 14:17:25.401 INFO  [restartedMain] o.a.coyote.http11.Http11NioProtocol - Starting ProtocolHandler ["http-nio-8081"]
2025-10-31 14:17:25.448 INFO  [restartedMain] o.s.b.w.e.tomcat.TomcatWebServer - Tomcat started on port 8081 (http) with context path '/'
2025-10-31 14:17:25.512 INFO  [restartedMain] c.s.s.SmartServiceHubApplication - Started SmartServiceHubApplication in 16.92 seconds (process running for 17.956)
2025-10-31 14:18:08.626 INFO  [http-nio-8081-exec-1] o.a.c.c.C.[Tomcat].[localhost].[/] - Initializing Spring DispatcherServlet 'dispatcherServlet'
2025-10-31 14:18:08.627 INFO  [http-nio-8081-exec-1] o.s.web.servlet.DispatcherServlet - Initializing Servlet 'dispatcherServlet'
2025-10-31 14:18:08.629 INFO  [http-nio-8081-exec-1] o.s.web.servlet.DispatcherServlet - Completed initialization in 2 ms
2025-10-31 14:18:09.380 WARN  [http-nio-8081-exec-1] o.s.w.s.m.m.a.ExceptionHandlerExceptionResolver - Resolved [org.springframework.security.authentication.BadCredentialsException: Bad credentials]
2025-10-31 15:07:16.236 WARN  [HikariPool-1:housekeeper] com.zaxxer.hikari.pool.HikariPool - HikariPool-1 - Thread starvation or clock leap detected (housekeeper delta=9m58s957ms383µs300ns).
2025-10-31 15:25:57.471 WARN  [HikariPool-1:housekeeper] com.zaxxer.hikari.pool.PoolBase - HikariPool-1 - Failed to validate connection org.postgresql.jdbc.PgConnection@53b49cec (This connection has been closed.). Possibly consider using a shorter maxLifetime value.
2025-10-31 15:26:10.184 WARN  [HikariPool-1:housekeeper] com.zaxxer.hikari.pool.PoolBase - HikariPool-1 - Failed to validate connection org.postgresql.jdbc.PgConnection@e6802a7 (This connection has been closed.). Possibly consider using a shorter maxLifetime value.
2025-10-31 15:26:18.661 WARN  [HikariPool-1:housekeeper] com.zaxxer.hikari.pool.PoolBase - HikariPool-1 - Failed to validate connection org.postgresql.jdbc.PgConnection@55c925e2 (This connection has been closed.). Possibly consider using a shorter maxLifetime value.
2025-10-31 15:26:27.401 WARN  [HikariPool-1:housekeeper] com.zaxxer.hikari.pool.PoolBase - HikariPool-1 - Failed to validate connection org.postgresql.jdbc.PgConnection@12e00e0d (This connection has been closed.). Possibly consider using a shorter maxLifetime value.
2025-10-31 15:26:28.885 WARN  [HikariPool-1:housekeeper] com.zaxxer.hikari.pool.PoolBase - HikariPool-1 - Failed to validate connection org.postgresql.jdbc.PgConnection@40ccbad9 (This connection has been closed.). Possibly consider using a shorter maxLifetime value.
2025-10-31 15:26:47.154 WARN  [HikariPool-1:housekeeper] com.zaxxer.hikari.pool.PoolBase - HikariPool-1 - Failed to validate connection org.postgresql.jdbc.PgConnection@6c973d8 (This connection has been closed.). Possibly consider using a shorter maxLifetime value.
2025-10-31 15:27:07.624 WARN  [HikariPool-1:housekeeper] com.zaxxer.hikari.pool.PoolBase - HikariPool-1 - Failed to validate connection org.postgresql.jdbc.PgConnection@7b0687d9 (This connection has been closed.). Possibly consider using a shorter maxLifetime value.
2025-10-31 15:27:13.015 WARN  [HikariPool-1:housekeeper] com.zaxxer.hikari.pool.PoolBase - HikariPool-1 - Failed to validate connection org.postgresql.jdbc.PgConnection@13a31fae (This connection has been closed.). Possibly consider using a shorter maxLifetime value.
2025-10-31 15:27:21.660 WARN  [HikariPool-1:housekeeper] com.zaxxer.hikari.pool.PoolBase - HikariPool-1 - Failed to validate connection org.postgresql.jdbc.PgConnection@147cd482 (This connection has been closed.). Possibly consider using a shorter maxLifetime value.
2025-10-31 15:27:26.354 WARN  [HikariPool-1:housekeeper] com.zaxxer.hikari.pool.PoolBase - HikariPool-1 - Failed to validate connection org.postgresql.jdbc.PgConnection@e81ae04 (This connection has been closed.). Possibly consider using a shorter maxLifetime value.
2025-10-31 15:53:50.401 WARN  [HikariPool-1:housekeeper] com.zaxxer.hikari.pool.PoolBase - HikariPool-1 - Failed to validate connection org.postgresql.jdbc.PgConnection@7ae5fa7e (This connection has been closed.). Possibly consider using a shorter maxLifetime value.
2025-10-31 15:53:50.403 WARN  [HikariPool-1:housekeeper] com.zaxxer.hikari.pool.HikariPool - HikariPool-1 - Thread starvation or clock leap detected (housekeeper delta=5m3s449ms607µs).
2025-10-31 15:53:50.405 WARN  [HikariPool-1:housekeeper] com.zaxxer.hikari.pool.PoolBase - HikariPool-1 - Failed to validate connection org.postgresql.jdbc.PgConnection@5899d9dd (This connection has been closed.). Possibly consider using a shorter maxLifetime value.
2025-10-31 15:53:50.408 WARN  [HikariPool-1:housekeeper] com.zaxxer.hikari.pool.PoolBase - HikariPool-1 - Failed to validate connection org.postgresql.jdbc.PgConnection@2f98db90 (This connection has been closed.). Possibly consider using a shorter maxLifetime value.
2025-10-31 15:53:50.408 WARN  [HikariPool-1:housekeeper] com.zaxxer.hikari.pool.PoolBase - HikariPool-1 - Failed to validate connection org.postgresql.jdbc.PgConnection@7afbf217 (This connection has been closed.). Possibly consider using a shorter maxLifetime value.
2025-10-31 15:53:50.410 WARN  [HikariPool-1:housekeeper] com.zaxxer.hikari.pool.PoolBase - HikariPool-1 - Failed to validate connection org.postgresql.jdbc.PgConnection@7cff021f (This connection has been closed.). Possibly consider using a shorter maxLifetime value.
2025-10-31 15:53:50.412 WARN  [HikariPool-1:housekeeper] com.zaxxer.hikari.pool.PoolBase - HikariPool-1 - Failed to validate connection org.postgresql.jdbc.PgConnection@6abe6b6c (This connection has been closed.). Possibly consider using a shorter maxLifetime value.
2025-10-31 15:53:50.414 WARN  [HikariPool-1:housekeeper] com.zaxxer.hikari.pool.PoolBase - HikariPool-1 - Failed to validate connection org.postgresql.jdbc.PgConnection@39379f0 (This connection has been closed.). Possibly consider using a shorter maxLifetime value.
2025-10-31 15:53:50.423 WARN  [HikariPool-1:housekeeper] com.zaxxer.hikari.pool.PoolBase - HikariPool-1 - Failed to validate connection org.postgresql.jdbc.PgConnection@26dd58df (This connection has been closed.). Possibly consider using a shorter maxLifetime value.
2025-10-31 15:59:35.236 WARN  [HikariPool-1:housekeeper] com.zaxxer.hikari.pool.HikariPool - HikariPool-1 - Thread starvation or clock leap detected (housekeeper delta=2m14s760ms422µs200ns).
2025-10-31 15:59:35.239 WARN  [HikariPool-1:housekeeper] com.zaxxer.hikari.pool.PoolBase - HikariPool-1 - Failed to validate connection org.postgresql.jdbc.PgConnection@22b649e1 (This connection has been closed.). Possibly consider using a shorter maxLifetime value.
2025-10-31 15:59:35.243 WARN  [HikariPool-1:housekeeper] com.zaxxer.hikari.pool.PoolBase - HikariPool-1 - Failed to validate connection org.postgresql.jdbc.PgConnection@230e11a0 (This connection has been closed.). Possibly consider using a shorter maxLifetime value.
2025-10-31 15:59:35.245 WARN  [HikariPool-1:housekeeper] com.zaxxer.hikari.pool.PoolBase - HikariPool-1 - Failed to validate connection org.postgresql.jdbc.PgConnection@6fd9bebe (This connection has been closed.). Possibly consider using a shorter maxLifetime value.
2025-10-31 15:59:35.246 WARN  [HikariPool-1:housekeeper] com.zaxxer.hikari.pool.PoolBase - HikariPool-1 - Failed to validate connection org.postgresql.jdbc.PgConnection@7f300be5 (This connection has been closed.). Possibly consider using a shorter maxLifetime value.
2025-10-31 15:59:35.248 WARN  [HikariPool-1:housekeeper] com.zaxxer.hikari.pool.PoolBase - HikariPool-1 - Failed to validate connection org.postgresql.jdbc.PgConnection@110a63e0 (This connection has been closed.). Possibly consider using a shorter maxLifetime value.
2025-10-31 15:59:35.252 WARN  [HikariPool-1:housekeeper] com.zaxxer.hikari.pool.PoolBase - HikariPool-1 - Failed to validate connection org.postgresql.jdbc.PgConnection@425af370 (This connection has been closed.). Possibly consider using a shorter maxLifetime value.
2025-10-31 15:59:35.253 WARN  [HikariPool-1:housekeeper] com.zaxxer.hikari.pool.PoolBase - HikariPool-1 - Failed to validate connection org.postgresql.jdbc.PgConnection@60d489cb (This connection has been closed.). Possibly consider using a shorter maxLifetime value.
2025-10-31 15:59:35.253 WARN  [HikariPool-1:housekeeper] com.zaxxer.hikari.pool.PoolBase - HikariPool-1 - Failed to validate connection org.postgresql.jdbc.PgConnection@1f44c917 (This connection has been closed.). Possibly consider using a shorter maxLifetime value.
2025-10-31 15:59:35.257 WARN  [HikariPool-1:housekeeper] com.zaxxer.hikari.pool.PoolBase - HikariPool-1 - Failed to validate connection org.postgresql.jdbc.PgConnection@5d13ac7c (This connection has been closed.). Possibly consider using a shorter maxLifetime value.
2025-10-31 16:31:56.781 WARN  [HikariPool-1:housekeeper] com.zaxxer.hikari.pool.PoolBase - HikariPool-1 - Failed to validate connection org.postgresql.jdbc.PgConnection@48c705dd (This connection has been closed.). Possibly consider using a shorter maxLifetime value.
2025-10-31 16:31:56.782 WARN  [HikariPool-1:housekeeper] com.zaxxer.hikari.pool.HikariPool - HikariPool-1 - Thread starvation or clock leap detected (housekeeper delta=32m21s546ms992µs400ns).
2025-10-31 17:05:54.141 INFO  [SpringApplicationShutdownHook] o.s.b.w.e.tomcat.GracefulShutdown - Commencing graceful shutdown. Waiting for active requests to complete
2025-10-31 17:05:54.859 INFO  [tomcat-shutdown] o.s.b.w.e.tomcat.GracefulShutdown - Graceful shutdown complete
2025-10-31 17:05:54.949 INFO  [SpringApplicationShutdownHook] o.s.o.j.LocalContainerEntityManagerFactoryBean - Closing JPA EntityManagerFactory for persistence unit 'default'
2025-10-31 17:05:55.014 INFO  [SpringApplicationShutdownHook] com.zaxxer.hikari.HikariDataSource - HikariPool-1 - Shutdown initiated...
2025-10-31 17:05:55.041 INFO  [SpringApplicationShutdownHook] com.zaxxer.hikari.HikariDataSource - HikariPool-1 - Shutdown completed.
